<?xml version="1.0" encoding="utf-8"?><testsuites name="pytest tests"><testsuite name="pytest" errors="0" failures="0" skipped="0" tests="7" time="0.708" timestamp="2026-06-12T07:57:06.736036+00:00" hostname="agent-env-e37c7593-cc9a-45e4-a900-0f3317ad875a"><testcase classname="backend.tests.test_contact_api.TestRoot" name="test_root_api" time="0.170" /><testcase classname="backend.tests.test_contact_api.TestContact" name="test_contact_valid_payload" time="0.066" /><testcase classname="backend.tests.test_contact_api.TestContact" name="test_contact_minimal_payload" time="0.043" /><testcase classname="backend.tests.test_contact_api.TestContact" name="test_contact_invalid_email" time="0.042" /><testcase classname="backend.tests.test_contact_api.TestContact" name="test_contact_missing_company" time="0.080" /><testcase classname="backend.tests.test_contact_api.TestContact" name="test_contact_missing_name" time="0.042" /><testcase classname="backend.tests.test_contact_api.TestContact" name="test_contact_empty_company" time="0.045" /></testsuite></testsuites>